[debug] [2022-05-23T08:28:10.629Z] ----------------------------------------------------------------------
[debug] [2022-05-23T08:28:10.633Z] Command:       C:\Program Files\nodejs\node.exe C:\Users\Ahmar Jabbar\AppData\Roaming\npm\node_modules\firebase-tools\lib\bin\firebase.js deploy
[debug] [2022-05-23T08:28:10.634Z] CLI Version:   10.1.2
[debug] [2022-05-23T08:28:10.634Z] Platform:      win32
[debug] [2022-05-23T08:28:10.634Z] Node Version:  v16.13.2
[debug] [2022-05-23T08:28:10.664Z] Time:          Mon May 23 2022 13:28:10 GMT+0500 (Pakistan Standard Time)
[debug] [2022-05-23T08:28:10.665Z] ----------------------------------------------------------------------
[debug] 
[debug] [2022-05-23T08:28:10.817Z] > command requires scopes: ["email","openid","https://www.googleapis.com/auth/cloudplatformprojects.readonly","https://www.googleapis.com/auth/firebase","https://www.googleapis.com/auth/cloud-platform"]
[debug] [2022-05-23T08:28:10.818Z] > authorizing via signed-in user (arniykelly@gmail.com)
[debug] [2022-05-23T08:28:10.819Z] [iam] checking project hypernationwebsite for permissions ["firebase.projects.get","firebasehosting.sites.update"]
[debug] [2022-05-23T08:28:10.827Z] > refreshing access token with scopes: ["email","https://www.googleapis.com/auth/cloud-platform","https://www.googleapis.com/auth/cloudplatformprojects.readonly","https://www.googleapis.com/auth/firebase","openid"]
[debug] [2022-05-23T08:28:10.828Z] >>> HTTP REQUEST POST https://www.googleapis.com/oauth2/v3/token  
 <request body omitted>
[debug] [2022-05-23T08:28:11.395Z] <<< HTTP RESPONSE 200 {"expires":"Mon, 01 Jan 1990 00:00:00 GMT","date":"Mon, 23 May 2022 08:28:10 GMT","cache-control":"no-cache, no-store, max-age=0, must-revalidate","pragma":"no-cache","content-type":"application/json; charset=utf-8","vary":"X-Origin, Referer, Origin,Accept-Encoding","server":"scaffolding on HTTPServer2","x-xss-protection":"0","x-frame-options":"SAMEORIGIN","x-content-type-options":"nosniff","alt-svc":"h3=\":443\"; ma=2592000,h3-29=\":443\"; ma=2592000,h3-Q050=\":443\"; ma=2592000,h3-Q046=\":443\"; ma=2592000,h3-Q043=\":443\"; ma=2592000,quic=\":443\"; ma=2592000; v=\"46,43\"","accept-ranges":"none","transfer-encoding":"chunked"}
[debug] [2022-05-23T08:28:11.416Z] >>> HTTP REQUEST POST https://cloudresourcemanager.googleapis.com/v1/projects/hypernationwebsite:testIamPermissions  
 {"permissions":["firebase.projects.get","firebasehosting.sites.update"]}
[debug] [2022-05-23T08:28:13.087Z] <<< HTTP RESPONSE 200 {"content-type":"application/json; charset=UTF-8","vary":"X-Origin, Referer, Origin,Accept-Encoding","date":"Mon, 23 May 2022 08:28:12 GMT","server":"ESF","cache-control":"private","x-xss-protection":"0","x-frame-options":"SAMEORIGIN","x-content-type-options":"nosniff","server-timing":"gfet4t7; dur=1199","alt-svc":"h3=\":443\"; ma=2592000,h3-29=\":443\"; ma=2592000,h3-Q050=\":443\"; ma=2592000,h3-Q046=\":443\"; ma=2592000,h3-Q043=\":443\"; ma=2592000,quic=\":443\"; ma=2592000; v=\"46,43\"","accept-ranges":"none","transfer-encoding":"chunked"}
[debug] [2022-05-23T08:28:13.093Z] > refreshing access token with scopes: []
[debug] [2022-05-23T08:28:13.093Z] >>> HTTP REQUEST POST https://www.googleapis.com/oauth2/v3/token  
 <request body omitted>
[debug] [2022-05-23T08:28:13.537Z] <<< HTTP RESPONSE 200 {"pragma":"no-cache","cache-control":"no-cache, no-store, max-age=0, must-revalidate","date":"Mon, 23 May 2022 08:28:13 GMT","expires":"Mon, 01 Jan 1990 00:00:00 GMT","content-type":"application/json; charset=utf-8","vary":"X-Origin, Referer, Origin,Accept-Encoding","server":"scaffolding on HTTPServer2","x-xss-protection":"0","x-frame-options":"SAMEORIGIN","x-content-type-options":"nosniff","alt-svc":"h3=\":443\"; ma=2592000,h3-29=\":443\"; ma=2592000,h3-Q050=\":443\"; ma=2592000,h3-Q046=\":443\"; ma=2592000,h3-Q043=\":443\"; ma=2592000,quic=\":443\"; ma=2592000; v=\"46,43\"","accept-ranges":"none","transfer-encoding":"chunked"}
[debug] [2022-05-23T08:28:13.561Z] >>> [apiv2][query] GET https://firebase.googleapis.com/v1beta1/projects/hypernationwebsite [none]
[debug] [2022-05-23T08:28:14.475Z] <<< [apiv2][status] GET https://firebase.googleapis.com/v1beta1/projects/hypernationwebsite 200
[debug] [2022-05-23T08:28:14.475Z] <<< [apiv2][body] GET https://firebase.googleapis.com/v1beta1/projects/hypernationwebsite {"projectId":"hypernationwebsite","projectNumber":"52893109584","displayName":"hypernationnft","name":"projects/hypernationwebsite","resources":{"hostingSite":"hypernationwebsite"},"state":"ACTIVE"}
[info] 
[info] === Deploying to 'hypernationwebsite'...
[info] 
[info] i  deploying hosting 
[debug] [2022-05-23T08:29:03.062Z] > refreshing access token with scopes: ["email","https://www.googleapis.com/auth/cloud-platform","https://www.googleapis.com/auth/cloudplatformprojects.readonly","https://www.googleapis.com/auth/firebase","openid"]
[debug] [2022-05-23T08:29:03.063Z] >>> HTTP REQUEST POST https://www.googleapis.com/oauth2/v3/token  
 <request body omitted>
[debug] [2022-05-23T08:29:03.505Z] <<< HTTP RESPONSE 200 {"date":"Mon, 23 May 2022 08:29:03 GMT","pragma":"no-cache","cache-control":"no-cache, no-store, max-age=0, must-revalidate","expires":"Mon, 01 Jan 1990 00:00:00 GMT","content-type":"application/json; charset=utf-8","vary":"X-Origin, Referer, Origin,Accept-Encoding","server":"scaffolding on HTTPServer2","x-xss-protection":"0","x-frame-options":"SAMEORIGIN","x-content-type-options":"nosniff","alt-svc":"h3=\":443\"; ma=2592000,h3-29=\":443\"; ma=2592000,h3-Q050=\":443\"; ma=2592000,h3-Q046=\":443\"; ma=2592000,h3-Q043=\":443\"; ma=2592000,quic=\":443\"; ma=2592000; v=\"46,43\"","accept-ranges":"none","transfer-encoding":"chunked"}
[debug] [2022-05-23T08:29:03.538Z] >>> HTTP REQUEST POST https://firebasehosting.googleapis.com/v1beta1/sites/hypernationwebsite/versions  
 {"config":{"rewrites":[{"glob":"**","path":"/index.html"}]},"labels":{"deployment-tool":"cli-firebase"}}
